2024-10-22 20:47:11,986 - INFO - Latest data available, nothing to update
2024-10-22 20:47:24,215 - INFO - Latest data available, nothing to update
2024-10-24 13:41:12,274 - INFO - Latest data available, nothing to update
2024-10-24 13:41:12,277 - INFO - Data saved as JSON-file
2024-10-24 13:42:09,088 - INFO - Latest data available, nothing to update
2024-10-24 13:51:13,382 - INFO - Latest data available, nothing to update
2024-10-24 12:28:32,130 - INFO - Latest data available, nothing to update
2024-11-02 21:17:43,002 - INFO - Latest data available, nothing to update
2024-11-07 11:09:02,536 - INFO - Updating data...
2024-11-07 11:09:02,538 - INFO - Data saved as JSON-file
2024-11-07 11:09:02,538 - INFO - Data updated successfully!
2024-11-14 11:09:18,427 - INFO - Updating data...
2024-11-14 11:09:18,428 - INFO - Data saved as JSON-file
2024-11-14 11:09:18,428 - INFO - Data updated successfully!
2024-11-18 11:10:01,226 - INFO - Latest data available, nothing to update
2024-11-19 11:09:32,524 - INFO - Latest data available, nothing to update
2024-11-21 11:10:09,769 - INFO - Latest data available, nothing to update
2024-11-25 11:09:41,231 - INFO - Latest data available, nothing to update
2024-11-26 11:09:51,601 - INFO - Updating data...
2024-11-26 11:09:51,603 - INFO - Data saved as JSON-file
2024-11-26 11:09:51,603 - INFO - Data updated successfully!
2024-11-26 14:34:42,876 - INFO - Latest data available, nothing to update
2024-11-28 11:09:49,255 - INFO - Latest data available, nothing to update
2024-12-02 11:10:05,949 - INFO - Updating data...
2024-12-02 11:10:05,952 - INFO - Data saved as JSON-file
2024-12-02 11:10:05,952 - INFO - Data updated successfully!
2024-12-03 11:10:16,740 - INFO - Latest data available, nothing to update
2024-12-05 11:10:08,873 - INFO - Latest data available, nothing to update
2024-12-07 09:53:49,042 - INFO - Updating data...
2024-12-07 09:53:49,044 - INFO - Data saved as JSON-file
2024-12-07 09:53:49,044 - INFO - Data updated successfully!
2024-12-07 11:08:08,381 - INFO - Latest data available, nothing to update
2024-12-09 11:10:29,668 - INFO - Latest data available, nothing to update
2024-12-10 11:10:12,841 - INFO - Updating data...
2024-12-10 11:10:12,843 - INFO - Data saved as JSON-file
2024-12-10 11:10:12,843 - INFO - Data updated successfully!
2024-12-12 11:10:08,837 - INFO - Latest data available, nothing to update
2024-12-16 11:10:22,013 - INFO - Latest data available, nothing to update
2024-12-17 11:09:47,732 - INFO - Updating data...
2024-12-17 11:09:47,735 - INFO - Data saved as JSON-file
2024-12-17 11:09:47,735 - INFO - Data updated successfully!
2024-12-19 11:09:27,315 - INFO - Latest data available, nothing to update
2024-12-23 11:08:50,423 - INFO - Updating data...
2024-12-23 11:08:50,425 - INFO - Data saved as JSON-file
2024-12-23 11:08:50,425 - INFO - Data updated successfully!
2024-12-24 11:09:09,032 - INFO - Latest data available, nothing to update
2024-12-26 11:08:55,180 - INFO - Latest data available, nothing to update
2024-12-29 17:14:57,923 - INFO - Updating data...
2024-12-29 17:14:57,925 - INFO - Data saved as JSON-file
2024-12-29 17:14:57,925 - INFO - Data updated successfully!
2024-12-30 11:08:56,481 - INFO - Latest data available, nothing to update
2024-12-31 11:08:36,643 - INFO - Latest data available, nothing to update
2025-01-02 11:08:38,109 - INFO - Updating data...
2025-01-02 11:08:38,111 - INFO - Data saved as JSON-file
2025-01-02 11:08:38,111 - INFO - Data updated successfully!
2025-01-06 11:08:47,111 - INFO - Latest data available, nothing to update
2025-01-07 11:09:03,735 - INFO - Updating data...
2025-01-07 11:09:03,738 - INFO - Data saved as JSON-file
2025-01-07 11:09:03,738 - INFO - Data updated successfully!
2025-01-09 11:09:00,635 - INFO - Latest data available, nothing to update
2025-01-13 11:10:06,544 - INFO - Latest data available, nothing to update
2025-01-14 11:08:26,836 - INFO - Latest data available, nothing to update
2025-01-16 11:08:36,008 - INFO - Latest data available, nothing to update
2025-01-17 10:45:07,848 - INFO - Updating data...
2025-01-17 10:45:07,851 - INFO - Data saved as JSON-file
2025-01-17 10:45:07,851 - INFO - Data updated successfully!
2025-01-20 11:09:05,577 - INFO - Latest data available, nothing to update
2025-01-21 11:09:02,751 - INFO - Updating data...
2025-01-21 11:09:02,753 - INFO - Data saved as JSON-file
2025-01-21 11:09:02,753 - INFO - Data updated successfully!
2025-01-23 11:08:57,661 - INFO - Latest data available, nothing to update
2025-01-27 11:09:16,601 - INFO - Updating data...
2025-01-27 11:09:16,603 - INFO - Data saved as JSON-file
2025-01-27 11:09:16,603 - INFO - Data updated successfully!
2025-01-28 11:09:01,884 - INFO - Latest data available, nothing to update
2025-01-30 11:09:28,738 - INFO - Latest data available, nothing to update
2025-02-03 11:08:51,439 - INFO - Latest data available, nothing to update
2025-02-04 11:09:16,035 - INFO - Latest data available, nothing to update
2025-02-06 11:09:13,929 - INFO - Latest data available, nothing to update
2025-02-10 11:09:21,555 - INFO - Latest data available, nothing to update
2025-02-11 11:09:29,466 - INFO - Latest data available, nothing to update
2025-02-13 11:09:10,400 - INFO - Updating data...
2025-02-13 11:09:10,403 - INFO - Data saved as JSON-file
2025-02-13 11:09:10,403 - INFO - Data updated successfully!
2025-02-17 11:09:29,439 - INFO - Latest data available, nothing to update
2025-02-18 11:09:15,980 - INFO - Latest data available, nothing to update
2025-02-20 11:09:22,274 - INFO - Updating data...
2025-02-20 11:09:22,279 - INFO - Data saved as JSON-file
2025-02-20 11:09:22,279 - INFO - Data updated successfully!
2025-02-24 11:09:19,038 - INFO - Updating data...
2025-02-24 11:09:19,040 - INFO - Data saved as JSON-file
2025-02-24 11:09:19,040 - INFO - Data updated successfully!
2025-02-25 11:09:29,885 - INFO - Latest data available, nothing to update
2025-02-27 11:09:32,410 - INFO - Latest data available, nothing to update
2025-03-03 11:10:02,379 - INFO - Updating data...
2025-03-03 11:10:02,382 - INFO - Data saved as JSON-file
2025-03-03 11:10:02,382 - INFO - Data updated successfully!
2025-03-04 11:09:40,950 - INFO - Latest data available, nothing to update
2025-03-06 11:09:37,319 - INFO - Latest data available, nothing to update
2025-03-10 11:07:56,038 - INFO - Latest data available, nothing to update
2025-03-11 11:10:01,985 - INFO - Updating data...
2025-03-11 11:10:01,988 - INFO - Data saved as JSON-file
2025-03-11 11:10:01,988 - INFO - Data updated successfully!
2025-03-13 11:10:21,377 - INFO - Latest data available, nothing to update
2025-03-17 11:09:52,656 - INFO - Updating data...
2025-03-17 11:09:52,659 - INFO - Data saved as JSON-file
2025-03-17 11:09:52,659 - INFO - Data updated successfully!
2025-03-18 11:09:52,507 - INFO - Latest data available, nothing to update
2025-03-20 11:09:58,212 - INFO - Latest data available, nothing to update
2025-03-24 11:10:15,355 - INFO - Latest data available, nothing to update
2025-03-25 11:10:08,311 - INFO - Latest data available, nothing to update
2025-03-27 11:09:57,450 - INFO - Latest data available, nothing to update
2025-03-31 11:10:09,905 - INFO - Latest data available, nothing to update
2025-04-01 11:10:07,729 - INFO - Latest data available, nothing to update
2025-04-03 11:10:56,058 - INFO - Latest data available, nothing to update
2025-04-05 14:17:22,222 - INFO - Updating data...
2025-04-05 14:17:22,225 - INFO - Data saved as JSON-file
2025-04-05 14:17:22,226 - INFO - Data updated successfully!
2025-04-07 11:10:08,961 - INFO - Latest data available, nothing to update
2025-04-08 11:10:12,956 - INFO - Updating data...
2025-04-08 11:10:12,959 - INFO - Data saved as JSON-file
2025-04-08 11:10:12,959 - INFO - Data updated successfully!
2025-04-10 11:10:16,482 - INFO - Latest data available, nothing to update
2025-04-14 11:10:09,090 - INFO - Latest data available, nothing to update
2025-04-15 11:10:05,417 - INFO - Latest data available, nothing to update
2025-04-17 11:09:50,532 - INFO - Updating data...
2025-04-17 11:09:50,536 - INFO - Data saved as JSON-file
2025-04-17 11:09:50,536 - INFO - Data updated successfully!
2025-04-21 11:10:11,442 - INFO - Latest data available, nothing to update
2025-04-22 11:10:41,431 - INFO - Latest data available, nothing to update
2025-04-24 11:10:18,858 - INFO - Updating data...
2025-04-24 11:10:18,862 - INFO - Data saved as JSON-file
2025-04-24 11:10:18,862 - INFO - Data updated successfully!
2025-04-28 11:31:43,388 - INFO - Latest data available, nothing to update
2025-04-29 11:10:41,667 - INFO - Latest data available, nothing to update
2025-05-01 11:10:18,896 - INFO - Latest data available, nothing to update
2025-05-02 08:40:00,176 - INFO - Updating data...
2025-05-02 08:40:00,179 - INFO - Data saved as JSON-file
2025-05-02 08:40:00,179 - INFO - Data updated successfully!
2025-05-05 11:10:31,970 - INFO - Latest data available, nothing to update
2025-05-06 11:10:13,707 - INFO - Updating data...
2025-05-06 11:10:13,710 - INFO - Data saved as JSON-file
2025-05-06 11:10:13,710 - INFO - Data updated successfully!
2025-05-08 11:10:30,648 - INFO - Latest data available, nothing to update
2025-05-12 11:10:46,341 - INFO - Updating data...
2025-05-12 11:10:46,345 - INFO - Data saved as JSON-file
2025-05-12 11:10:46,345 - INFO - Data updated successfully!
2025-05-13 11:10:56,616 - INFO - Latest data available, nothing to update
2025-05-15 11:10:52,291 - INFO - Latest data available, nothing to update
2025-05-19 11:10:45,104 - INFO - Latest data available, nothing to update
2025-05-20 11:10:37,240 - INFO - Latest data available, nothing to update
2025-05-22 11:10:58,275 - INFO - Updating data...
2025-05-22 11:10:58,279 - INFO - Data saved as JSON-file
2025-05-22 11:10:58,279 - INFO - Data updated successfully!
2025-05-25 19:52:19,860 - INFO - Updating data...
2025-05-25 19:52:19,864 - INFO - Data saved as JSON-file
2025-05-25 19:52:19,864 - INFO - Data updated successfully!
2025-08-18 20:50:46,073 - INFO - New season, preparing data...
2025-08-18 20:52:35,109 - INFO - New season, preparing data...
2025-08-18 20:54:20,246 - INFO - New season, preparing data...
2025-08-18 20:54:20,470 - INFO - Updating data...
2025-08-18 20:56:43,742 - INFO - New season, preparing data...
2025-08-18 20:56:43,919 - INFO - Updating data...
2025-08-18 20:58:50,440 - INFO - New season, preparing data...
2025-08-18 20:58:50,595 - INFO - Updating data...
2025-08-18 20:59:06,791 - INFO - New season, preparing data...
2025-08-18 20:59:06,959 - INFO - Updating data...
2025-08-18 21:03:58,473 - INFO - New season, preparing data...
2025-08-18 21:04:15,645 - INFO - New season, preparing data...
2025-08-18 21:04:15,789 - INFO - Latest data available, nothing to update
2025-08-18 21:05:49,091 - INFO - New season, preparing data...
2025-08-18 21:05:49,171 - INFO - Data saved as JSON-file
2025-08-18 21:05:49,246 - INFO - Latest data available, nothing to update
2025-08-18 19:32:09,815 - INFO - Latest data available, nothing to update
2025-08-19 16:49:53,639 - INFO - Updating data...
2025-08-19 16:51:00,537 - INFO - Updating data...
2025-08-19 16:52:42,466 - INFO - Updating data...
2025-08-19 16:53:38,528 - INFO - Updating data...
2025-08-19 16:55:38,618 - INFO - Updating data...
2025-08-19 16:55:48,308 - INFO - Updating data...
2025-08-19 16:56:05,811 - INFO - Updating data...
2025-08-19 16:56:05,843 - INFO - Data saved as JSON-file
2025-08-19 16:56:05,844 - INFO - Data updated successfully!
2025-08-20 06:37:50,389 - INFO - Latest data available, nothing to update
2025-08-21 06:47:30,982 - INFO - Latest data available, nothing to update
2025-08-22 06:37:12,520 - INFO - Latest data available, nothing to update
2025-08-23 06:33:39,799 - INFO - Latest data available, nothing to update
2025-08-24 06:34:34,838 - INFO - Latest data available, nothing to update
2025-08-25 06:39:19,588 - INFO - Latest data available, nothing to update
2025-08-26 06:37:52,735 - INFO - Updating data...
2025-08-26 06:37:52,740 - INFO - Data saved as JSON-file
2025-08-26 06:37:52,740 - INFO - Data updated successfully!
2025-08-27 06:35:19,198 - INFO - Latest data available, nothing to update
2025-08-28 06:36:25,896 - INFO - Latest data available, nothing to update
2025-08-29 06:35:20,953 - INFO - Latest data available, nothing to update
2025-08-30 06:31:48,822 - INFO - Latest data available, nothing to update
2025-08-31 06:33:08,486 - INFO - Latest data available, nothing to update
2025-09-01 06:38:59,405 - INFO - Updating data...
2025-09-01 06:38:59,409 - INFO - Data saved as JSON-file
2025-09-01 06:38:59,409 - INFO - Data updated successfully!
2025-09-02 06:37:23,751 - INFO - Latest data available, nothing to update
2025-09-03 06:33:54,738 - INFO - Latest data available, nothing to update
2025-09-04 06:34:43,526 - INFO - Latest data available, nothing to update
2025-09-05 06:35:12,717 - INFO - Latest data available, nothing to update
2025-09-06 06:31:24,905 - INFO - Latest data available, nothing to update
2025-09-07 06:32:16,923 - INFO - Latest data available, nothing to update
2025-09-08 06:37:06,783 - INFO - Latest data available, nothing to update
2025-09-09 06:36:16,442 - INFO - Latest data available, nothing to update
2025-09-10 06:35:14,905 - INFO - Latest data available, nothing to update
2025-09-11 06:35:53,382 - INFO - Latest data available, nothing to update
2025-09-12 06:35:15,393 - INFO - Latest data available, nothing to update
2025-09-13 06:31:38,993 - INFO - Latest data available, nothing to update
2025-09-14 06:32:12,777 - INFO - Latest data available, nothing to update
2025-09-15 06:37:41,675 - INFO - Updating data...
2025-09-15 06:37:41,684 - INFO - Data saved as JSON-file
2025-09-15 06:37:41,684 - INFO - Data updated successfully!
2025-09-16 06:35:48,672 - INFO - Latest data available, nothing to update
2025-09-17 06:35:59,902 - INFO - Latest data available, nothing to update
2025-09-18 06:35:34,546 - INFO - Latest data available, nothing to update
2025-09-19 06:35:20,210 - INFO - Latest data available, nothing to update
2025-09-20 06:32:49,023 - INFO - Latest data available, nothing to update
2025-09-21 06:33:41,225 - INFO - Latest data available, nothing to update
2025-09-22 06:37:45,082 - INFO - Updating data...
2025-09-22 06:37:45,090 - INFO - Data saved as JSON-file
2025-09-22 06:37:45,090 - INFO - Data updated successfully!
2025-09-23 06:36:06,803 - INFO - Latest data available, nothing to update
2025-09-24 06:35:50,035 - INFO - Latest data available, nothing to update
2025-09-25 06:36:50,496 - INFO - Latest data available, nothing to update
2025-09-26 06:35:14,943 - INFO - Latest data available, nothing to update
2025-09-27 06:31:31,589 - INFO - Latest data available, nothing to update
2025-09-28 06:33:07,335 - INFO - Latest data available, nothing to update
2025-09-29 06:37:46,010 - INFO - Latest data available, nothing to update
2025-09-30 06:36:50,605 - INFO - Updating data...
2025-09-30 06:36:50,609 - INFO - Data saved as JSON-file
2025-09-30 06:36:50,609 - INFO - Data updated successfully!
2025-10-01 06:36:28,540 - INFO - Latest data available, nothing to update
2025-10-02 06:35:09,824 - INFO - Latest data available, nothing to update
2025-10-03 06:34:47,115 - INFO - Latest data available, nothing to update
2025-10-04 06:32:18,377 - INFO - Latest data available, nothing to update
2025-10-05 06:32:34,043 - INFO - Latest data available, nothing to update
2025-10-06 06:36:57,512 - INFO - Updating data...
2025-10-06 06:36:57,517 - INFO - Data saved as JSON-file
2025-10-06 06:36:57,517 - INFO - Data updated successfully!
2025-10-07 06:36:00,633 - INFO - Latest data available, nothing to update
2025-10-08 06:36:27,444 - INFO - Latest data available, nothing to update
2025-10-09 06:36:51,970 - INFO - Latest data available, nothing to update
2025-10-10 06:36:42,057 - INFO - Latest data available, nothing to update
2025-10-11 06:32:30,062 - INFO - Latest data available, nothing to update
2025-10-12 06:32:40,009 - INFO - Latest data available, nothing to update
2025-10-13 06:38:17,793 - INFO - Latest data available, nothing to update
2025-10-14 06:36:12,307 - INFO - Latest data available, nothing to update
2025-10-15 06:36:18,273 - INFO - Latest data available, nothing to update
2025-10-16 06:36:20,292 - INFO - Latest data available, nothing to update
2025-10-17 06:35:40,108 - INFO - Latest data available, nothing to update
2025-10-18 06:32:55,170 - INFO - Latest data available, nothing to update
2025-10-19 06:34:14,786 - INFO - Latest data available, nothing to update
2025-10-20 06:37:45,837 - INFO - Latest data available, nothing to update
2025-10-21 06:36:54,910 - INFO - Updating data...
2025-10-21 06:36:54,916 - INFO - Data saved as JSON-file
2025-10-21 06:36:54,916 - INFO - Data updated successfully!
2025-10-22 06:37:49,431 - INFO - Latest data available, nothing to update
2025-10-23 06:36:48,896 - INFO - Latest data available, nothing to update
2025-10-24 06:35:48,268 - INFO - Latest data available, nothing to update
2025-10-25 06:33:11,411 - INFO - Latest data available, nothing to update
2025-10-26 06:34:24,447 - INFO - Latest data available, nothing to update
2025-10-27 06:40:26,934 - INFO - Updating data...
2025-10-27 06:40:26,939 - INFO - Data saved as JSON-file
2025-10-27 06:40:26,939 - INFO - Data updated successfully!
2025-10-28 06:38:22,049 - INFO - Latest data available, nothing to update
2025-10-29 06:39:01,335 - INFO - Latest data available, nothing to update
2025-10-30 06:36:36,700 - INFO - Latest data available, nothing to update
2025-10-31 06:37:06,695 - INFO - Latest data available, nothing to update
2025-11-01 06:33:52,645 - INFO - Latest data available, nothing to update
2025-11-02 06:35:26,891 - INFO - Latest data available, nothing to update
2025-11-03 06:39:15,220 - INFO - Latest data available, nothing to update
2025-11-04 06:38:19,574 - INFO - Updating data...
2025-11-04 06:38:19,579 - INFO - Data saved as JSON-file
2025-11-04 06:38:19,579 - INFO - Data updated successfully!
2025-11-05 06:37:55,412 - INFO - Latest data available, nothing to update
2025-11-06 06:38:04,397 - INFO - Latest data available, nothing to update
2025-11-07 06:37:44,759 - INFO - Latest data available, nothing to update
2025-11-08 06:34:29,698 - INFO - Latest data available, nothing to update
2025-11-09 06:34:46,703 - INFO - Latest data available, nothing to update
2025-11-10 06:39:37,645 - INFO - Updating data...
2025-11-10 06:39:37,650 - INFO - Data saved as JSON-file
2025-11-10 06:39:37,650 - INFO - Data updated successfully!
2025-11-11 06:38:31,315 - INFO - Latest data available, nothing to update
2025-11-12 06:38:10,667 - INFO - Latest data available, nothing to update
2025-11-13 06:38:20,589 - INFO - Latest data available, nothing to update
2025-11-14 06:38:06,420 - INFO - Latest data available, nothing to update
2025-11-15 06:34:48,366 - INFO - Latest data available, nothing to update
2025-11-16 06:35:55,815 - INFO - Latest data available, nothing to update
2025-11-17 06:38:58,588 - INFO - Latest data available, nothing to update
2025-11-18 06:37:29,940 - INFO - Latest data available, nothing to update
2025-11-19 06:37:43,288 - INFO - Latest data available, nothing to update
2025-11-20 06:37:18,518 - INFO - Latest data available, nothing to update
2025-11-21 06:39:01,023 - INFO - Latest data available, nothing to update
2025-11-22 06:34:35,955 - INFO - Latest data available, nothing to update
2025-11-23 06:36:07,356 - INFO - Latest data available, nothing to update
2025-11-24 06:39:15,771 - INFO - Latest data available, nothing to update
2025-11-25 06:39:49,392 - INFO - Updating data...
2025-11-25 06:39:49,397 - INFO - Data saved as JSON-file
2025-11-25 06:39:49,398 - INFO - Data updated successfully!
2025-11-26 06:39:33,378 - INFO - Latest data available, nothing to update
2025-11-27 06:39:59,933 - INFO - Latest data available, nothing to update
2025-11-28 06:39:36,488 - INFO - Latest data available, nothing to update
2025-11-29 06:36:26,349 - INFO - Latest data available, nothing to update
2025-11-30 06:38:00,550 - INFO - Latest data available, nothing to update
2025-12-01 06:42:25,474 - INFO - Updating data...
2025-12-01 06:42:25,480 - INFO - Data saved as JSON-file
2025-12-01 06:42:25,480 - INFO - Data updated successfully!
2025-12-02 06:40:51,410 - INFO - Latest data available, nothing to update
2025-12-03 06:40:31,638 - INFO - Latest data available, nothing to update
2025-12-04 06:40:26,215 - INFO - Latest data available, nothing to update
2025-12-05 06:40:44,416 - INFO - Updating data...
2025-12-05 06:40:44,426 - INFO - Data saved as JSON-file
2025-12-05 06:40:44,426 - INFO - Data updated successfully!
2025-12-06 06:36:15,660 - INFO - Latest data available, nothing to update
2025-12-07 06:35:54,512 - INFO - Latest data available, nothing to update
2025-12-08 06:44:14,292 - INFO - Latest data available, nothing to update
2025-12-09 06:41:04,803 - INFO - Updating data...
2025-12-09 06:41:04,813 - INFO - Data saved as JSON-file
2025-12-09 06:41:04,813 - INFO - Data updated successfully!
2025-12-10 06:41:39,047 - INFO - Latest data available, nothing to update
2025-12-11 06:42:52,288 - INFO - Latest data available, nothing to update
2025-12-12 06:41:49,779 - INFO - Latest data available, nothing to update
2025-12-13 06:38:16,715 - INFO - Latest data available, nothing to update
2025-12-14 06:38:01,243 - INFO - Latest data available, nothing to update
2025-12-15 06:45:40,391 - INFO - Latest data available, nothing to update
2025-12-16 06:42:40,677 - INFO - Updating data...
2025-12-16 06:42:40,683 - INFO - Data saved as JSON-file
2025-12-16 06:42:40,683 - INFO - Data updated successfully!
2025-12-17 06:42:20,454 - INFO - Latest data available, nothing to update
2025-12-18 06:42:00,541 - INFO - Latest data available, nothing to update
2025-12-19 06:40:30,949 - INFO - Latest data available, nothing to update
2025-12-20 06:38:38,119 - INFO - Latest data available, nothing to update
2025-12-21 06:38:40,955 - INFO - Latest data available, nothing to update
2025-12-22 06:44:15,937 - INFO - Latest data available, nothing to update
2025-12-23 06:43:33,363 - INFO - Updating data...
2025-12-23 06:43:33,369 - INFO - Data saved as JSON-file
2025-12-23 06:43:33,369 - INFO - Data updated successfully!
2025-12-24 06:43:19,551 - INFO - Latest data available, nothing to update
2025-12-25 06:41:43,319 - INFO - Latest data available, nothing to update
2025-12-26 06:41:22,224 - INFO - Latest data available, nothing to update
2025-12-27 06:39:34,559 - INFO - Latest data available, nothing to update
2025-12-28 06:39:44,723 - INFO - Latest data available, nothing to update
2025-12-29 06:46:06,446 - INFO - Updating data...
2025-12-29 06:46:06,452 - INFO - Data saved as JSON-file
2025-12-29 06:46:06,452 - INFO - Data updated successfully!
2025-12-30 06:42:21,466 - INFO - Latest data available, nothing to update
2025-12-31 06:42:37,644 - INFO - Latest data available, nothing to update
2026-01-01 06:42:32,327 - INFO - Latest data available, nothing to update
2026-01-02 06:42:52,154 - INFO - Updating data...
2026-01-02 06:42:52,160 - INFO - Data saved as JSON-file
2026-01-02 06:42:52,160 - INFO - Data updated successfully!
2026-01-03 06:39:40,484 - INFO - Latest data available, nothing to update
2026-01-04 06:40:42,606 - INFO - Latest data available, nothing to update
2026-01-05 06:49:38,066 - INFO - Updating data...
2026-01-05 06:49:38,072 - INFO - Data saved as JSON-file
2026-01-05 06:49:38,072 - INFO - Data updated successfully!
2026-01-06 06:44:47,143 - INFO - Latest data available, nothing to update
2026-01-07 06:43:47,148 - INFO - Latest data available, nothing to update
2026-01-08 06:44:23,181 - INFO - Latest data available, nothing to update
2026-01-09 06:44:33,139 - INFO - Updating data...
2026-01-09 06:44:33,145 - INFO - Data saved as JSON-file
2026-01-09 06:44:33,145 - INFO - Data updated successfully!
2026-01-10 06:39:11,280 - INFO - Latest data available, nothing to update
2026-01-11 06:41:06,885 - INFO - Latest data available, nothing to update
2026-01-12 06:48:12,701 - INFO - Latest data available, nothing to update
2026-01-13 06:44:09,499 - INFO - Latest data available, nothing to update
